Описание таблиц: исользовал демобазу расписания полетов и билетов из предыдущих ДЗ.

```
postgres=# \c demo
You are now connected to database "demo" as user "postgres".
demo=# \dt
                         List of relations
  Schema  |          Name           |       Type        |  Owner
----------+-------------------------+-------------------+----------
 bookings | aircrafts_data          | table             | postgres
 bookings | airports_data           | table             | postgres
 bookings | boarding_passes         | table             | postgres
 bookings | boarding_passes_by_hash | partitioned table | postgres
 bookings | boarding_passes_part_0  | table             | postgres
 bookings | boarding_passes_part_1  | table             | postgres
 bookings | boarding_passes_part_2  | table             | postgres
 bookings | boarding_passes_part_3  | table             | postgres
 bookings | bookings                | table             | postgres
 bookings | flights                 | table             | postgres
 bookings | seats                   | table             | postgres
 bookings | ticket_flights          | table             | postgres
 bookings | tickets                 | table             | postgres
(13 rows)
demo=# select * from ticket_flights limit 10;
   ticket_no   | flight_id | fare_conditions |  amount
---------------+-----------+-----------------+-----------
 0005432079221 |     36094 | Business        |  99800.00
 0005434861552 |     65405 | Business        |  49700.00
 0005432003235 |     89752 | Business        |  99800.00
 0005433567794 |    164215 | Business        | 105900.00
 0005432003470 |     89913 | Business        |  99800.00
 0005435834642 |    117026 | Business        | 199300.00
 0005432003656 |     90106 | Business        |  99800.00
 0005432949087 |    164161 | Business        | 105900.00
 0005432801137 |      9563 | Business        | 150400.00
 0005433557112 |    164098 | Business        | 105900.00
(10 rows)
demo=# select * from tickets limit 10;
   ticket_no   | book_ref | passenger_id |    passenger_name    |                                 contact_data
---------------+----------+--------------+----------------------+------------------------------------------------------------------------------
 0005432000284 | 1A40A1   | 4030 855525  | MIKHAIL SEMENOV      | {"phone": "+70110137563"}
 0005432000285 | 13736D   | 8360 311602  | ELENA ZAKHAROVA      | {"phone": "+70670013989"}
 0005432000286 | DC89BC   | 4510 377533  | ILYA PAVLOV          | {"phone": "+70624013335"}
 0005432000287 | CDE08B   | 5952 253588  | ELENA BELOVA         | {"email": "e.belova.07121974@postgrespro.ru", "phone": "+70340423946"}
 0005432000288 | BEFB90   | 4313 788533  | VYACHESLAV IVANOV    | {"email": "vyacheslav-ivanov051968@postgrespro.ru", "phone": "+70417078841"}
 0005432000289 | A903E4   | 2742 028983  | NATALIYA NESTEROVA   | {"phone": "+70031478265"}
 0005432000290 | CC77B6   | 9873 744760  | ALEKSANDRA ARKHIPOVA | {"email": "arkhipovaa-1980@postgrespro.ru", "phone": "+70185914840"}
 0005432000291 | D530F6   | 2695 977692  | EVGENIY SERGEEV      | {"phone": "+70007395677"}
 0005432000292 | F26006   | 2512 253082  | TATYANA ZHUKOVA      | {"email": "zhukova_tatyana_121964@postgrespro.ru", "phone": "+70505293692"}
 0005432000293 | 739B4E   | 5763 638275  | ILYA KRASNOV         | {"email": "ilya_krasnov_081985@postgrespro.ru", "phone": "+70669365996"}
(10 rows)
```
flights
```
demo=# select * from flights limit 10;
 flight_id | flight_no |  scheduled_departure   |   scheduled_arrival    | departure_airport | arrival_airport |  status   | aircraft_code | actual_departure | actual_arrival
-----------+-----------+------------------------+------------------------+-------------------+-----------------+-----------+---------------+------------------+----------------
      2880 | PG0216    | 2017-09-14 16:10:00+05 | 2017-09-14 17:15:00+05 | DME               | KUF             | Scheduled | 763           |                  |
      3940 | PG0212    | 2017-09-04 20:20:00+05 | 2017-09-04 21:35:00+05 | DME               | ROV             | Scheduled | 321           |                  |
      4018 | PG0416    | 2017-09-13 21:20:00+05 | 2017-09-13 21:55:00+05 | DME               | VOZ             | Scheduled | CR2           |                  |
      4587 | PG0055    | 2017-09-03 16:10:00+05 | 2017-09-03 17:25:00+05 | DME               | TBW             | Scheduled | CN1           |                  |
      5694 | PG0341    | 2017-08-31 12:50:00+05 | 2017-08-31 13:55:00+05 | DME               | PES             | Scheduled | CR2           |                  |
      6428 | PG0335    | 2017-08-24 11:30:00+05 | 2017-08-24 13:35:00+05 | DME               | JOK             | Scheduled | CN1           |                  |
      6664 | PG0335    | 2017-09-07 11:30:00+05 | 2017-09-07 13:35:00+05 | DME               | JOK             | Scheduled | CN1           |                  |
      7455 | PG0136    | 2017-09-10 17:30:00+05 | 2017-09-10 19:30:00+05 | DME               | NAL             | Scheduled | CR2           |                  |
      9994 | PG0210    | 2017-09-01 20:00:00+05 | 2017-09-01 21:50:00+05 | DME               | MRV             | Scheduled | 733           |                  |
     11283 | PG0239    | 2017-08-22 11:05:00+05 | 2017-08-22 13:40:00+05 | DME               | HMA             | Scheduled | SU9           |                  |
(10 rows)
```

JOIN 2 таблиц
```
demo=# explain select * from ticket_flights as a
join tickets as b on b.ticket_no = a.ticket_no limit 10;
                                               QUERY PLAN
---------------------------------------------------------------------------------------------------------
 Limit  (cost=0.56..3.44 rows=10 width=136)
   ->  Nested Loop  (cost=0.56..2420592.96 rows=8391282 width=136)
         ->  Seq Scan on tickets b  (cost=0.00..78941.44 rows=2950144 width=104)
         ->  Index Scan using ticket_flights_pkey on ticket_flights a  (cost=0.56..0.76 rows=3 width=32)
               Index Cond: (ticket_no = b.ticket_no)
(5 rows)
```

JOIN 3 таблиц
```
demo=# explain 
select * from ticket_flights as a
join tickets as b on b.ticket_no = a.ticket_no
join flights as c on c.flight_id = a.flight_id
limit 10;
                                                  QUERY PLAN
---------------------------------------------------------------------------------------------------------------
 Limit  (cost=0.99..5.63 rows=10 width=199)
   ->  Nested Loop  (cost=0.99..3889444.08 rows=8391282 width=199)
         ->  Nested Loop  (cost=0.56..2420592.96 rows=8391282 width=136)
               ->  Seq Scan on tickets b  (cost=0.00..78941.44 rows=2950144 width=104)
               ->  Index Scan using ticket_flights_pkey on ticket_flights a  (cost=0.56..0.76 rows=3 width=32)
                     Index Cond: (ticket_no = b.ticket_no)
         ->  Memoize  (cost=0.43..0.45 rows=1 width=63)
               Cache Key: a.flight_id
               Cache Mode: logical
               ->  Index Scan using flights_pkey on flights c  (cost=0.42..0.44 rows=1 width=63)
                     Index Cond: (flight_id = a.flight_id)
(11 rows)
```
Соединение без явного указания JOIN
```
demo=# explain select * from ticket_flights as a,  tickets as b where b.ticket_no = a.ticket_no limit 10;
                                               QUERY PLAN
---------------------------------------------------------------------------------------------------------
 Limit  (cost=0.56..3.44 rows=10 width=136)
   ->  Nested Loop  (cost=0.56..2420592.96 rows=8391282 width=136)
         ->  Seq Scan on tickets b  (cost=0.00..78941.44 rows=2950144 width=104)
         ->  Index Scan using ticket_flights_pkey on ticket_flights a  (cost=0.56..0.76 rows=3 width=32)
               Index Cond: (ticket_no = b.ticket_no)
(5 rows)
```
Кросс соединение двух или более таблиц, страшное количество строк rows=24755490244608

```
demo=# explain select * from ticket_flights as a
cross join tickets as b limit 10;
                                          QUERY PLAN

----------------------------------------------------------------------------------------------
 Limit  (cost=0.00..0.19 rows=10 width=136)
   ->  Nested Loop  (cost=0.00..478672992122.07 rows=24755490244608 width=136)
         ->  Seq Scan on tickets b  (cost=0.00..78941.44 rows=2950144 width=104)
         ->  Materialize  (cost=0.00..253192.23 rows=8391282 width=32)
               ->  Seq Scan on ticket_flights a  (cost=0.00..153872.82 rows=8391282 width=32)
(5 rows)

```
Полное соединение двух или более таблиц

```
demo=# explain select * from ticket_flights as a                                       full join tickets as b on b.ticket_no = a.ticket_no limit 10;
                                                     QUERY PLAN

--------------------------------------------------------------------------------------------------------------------
 Limit  (cost=0.99..1.97 rows=10 width=136)
   ->  Merge Full Join  (cost=0.99..822679.38 rows=8391282 width=136)
         Merge Cond: (a.ticket_no = b.ticket_no)
         ->  Index Scan using ticket_flights_pkey on ticket_flights a  (cost=0.56..571271.61 rows=8391282 width=32)
         ->  Index Scan using tickets_pkey on tickets b  (cost=0.43..139141.39 rows=2950144 width=104)
(5 rows)
```


```
explain 
select * from ticket_flights as a
full join tickets as b on b.ticket_no = a.ticket_no
full join flights as c on c.flight_id = a.flight_id;
                                       QUERY PLAN

----------------------------------------------------------------------------------------
 Hash Full Join  (cost=171681.75..860526.27 rows=8391282 width=199)
   Hash Cond: (a.flight_id = c.flight_id)
   ->  Hash Full Join  (cost=161914.24..498636.21 rows=8391282 width=136)
         Hash Cond: (a.ticket_no = b.ticket_no)
         ->  Seq Scan on ticket_flights a  (cost=0.00..153872.82 rows=8391282 width=32)
         ->  Hash  (cost=78941.44..78941.44 rows=2950144 width=104)
               ->  Seq Scan on tickets b  (cost=0.00..78941.44 rows=2950144 width=104)
   ->  Hash  (cost=4772.67..4772.67 rows=214867 width=63)
         ->  Seq Scan on flights c  (cost=0.00..4772.67 rows=214867 width=63)
 JIT:
   Functions: 17
   Options: Inlining true, Optimization true, Expressions true, Deforming true
(12 rows)
```
Запрос, в котором будут использованы
разные типы соединений
```
demo=# explain 
select * from ticket_flights as a                                      
join tickets as b on b.ticket_no = a.ticket_no
left join flights as c on c.flight_id = a.flight_id
limit 10;

                                                 QUERY PLAN

---------------------------------------------------------------------------------------------------------------
 Limit  (cost=0.99..5.63 rows=10 width=199)
   ->  Nested Loop Left Join  (cost=0.99..3889444.08 rows=8391282 width=199)
         ->  Nested Loop  (cost=0.56..2420592.96 rows=8391282 width=136)
               ->  Seq Scan on tickets b  (cost=0.00..78941.44 rows=2950144 width=104)
               ->  Index Scan using ticket_flights_pkey on ticket_flights a  (cost=0.56..0.76 rows=3 width=32)
                     Index Cond: (ticket_no = b.ticket_no)
         ->  Memoize  (cost=0.43..0.45 rows=1 width=63)
               Cache Key: a.flight_id
               Cache Mode: logical
               ->  Index Scan using flights_pkey on flights c  (cost=0.42..0.44 rows=1 width=63)
                     Index Cond: (flight_id = a.flight_id)
(11 rows)
```
